2021-02-02 22:06:36,187 [Worker-11] INFO  o.e.m.c.i.l.LifecycleMappingFactory - Using org.eclipse.m2e.jdt.JarLifecycleMapping lifecycle mapping for MavenProject: SundayVision:SundayVisionProject:0.0.1-SNAPSHOT @ C:\Users\shahi\eclipse-workspace\SundayVisionProject\pom.xml.
2021-02-02 22:06:36,187 [Worker-14] INFO  o.e.m.c.i.l.LifecycleMappingFactory - Using org.eclipse.m2e.jdt.JarLifecycleMapping lifecycle mapping for MavenProject: SundayVision:SundayVisionProject:0.0.1-SNAPSHOT @ C:\Users\shahi\eclipse-workspace\SundayVisionProject\pom.xml.
2021-02-02 22:06:37,426 [Worker-11] INFO  o.e.m.c.i.embedder.EclipseLogger - Using 'UTF-8' encoding to copy filtered resources.
2021-02-02 22:06:37,427 [Worker-11] INFO  o.e.m.c.i.embedder.EclipseLogger - skip non existing resourceDirectory C:\Users\shahi\eclipse-workspace\SundayVisionProject\src\main\resources
2021-02-02 22:06:37,431 [Worker-11] INFO  o.e.m.c.i.embedder.EclipseLogger - Using 'UTF-8' encoding to copy filtered resources.
2021-02-02 22:06:37,438 [Worker-11] INFO  o.e.m.c.i.embedder.EclipseLogger - Copying 1 resource
2021-02-02 22:06:40,074 [Worker-3] INFO  o.e.m.c.i.l.LifecycleMappingFactory - Using org.eclipse.m2e.jdt.JarLifecycleMapping lifecycle mapping for MavenProject: SundayVision:SundayVisionProject:0.0.1-SNAPSHOT @ C:\Users\shahi\eclipse-workspace\SundayVisionProject\pom.xml.
2021-02-02 22:06:41,004 [Worker-15] INFO  o.e.m.c.i.embedder.EclipseLogger - Using 'UTF-8' encoding to copy filtered resources.
2021-02-02 22:06:41,004 [Worker-15] INFO  o.e.m.c.i.embedder.EclipseLogger - skip non existing resourceDirectory C:\Users\shahi\eclipse-workspace\SundayVisionProject\src\main\resources
2021-02-02 22:06:41,016 [Worker-15] INFO  o.e.m.c.i.embedder.EclipseLogger - Using 'UTF-8' encoding to copy filtered resources.
2021-02-02 22:06:41,027 [Worker-15] INFO  o.e.m.c.i.embedder.EclipseLogger - Copying 1 resource
2021-02-02 22:06:43,765 [Worker-16] INFO  o.e.m.c.i.embedder.EclipseLogger - Using 'UTF-8' encoding to copy filtered resources.
2021-02-02 22:06:43,766 [Worker-16] INFO  o.e.m.c.i.embedder.EclipseLogger - skip non existing resourceDirectory C:\Users\shahi\eclipse-workspace\SundayVisionProject\src\main\resources
2021-02-02 22:06:43,767 [Worker-16] INFO  o.e.m.c.i.embedder.EclipseLogger - Using 'UTF-8' encoding to copy filtered resources.
2021-02-02 22:06:43,767 [Worker-16] INFO  o.e.m.c.i.embedder.EclipseLogger - Copying 0 resource
2021-02-09 20:56:03,061 [Worker-306] INFO  o.e.m.c.i.embedder.EclipseLogger - Using 'UTF-8' encoding to copy filtered resources.
2021-02-09 20:56:03,215 [Worker-306] INFO  o.e.m.c.i.embedder.EclipseLogger - skip non existing resourceDirectory C:\Users\shahi\eclipse-workspace\SundayVisionProject\src\main\resources
2021-02-09 20:56:03,222 [Worker-306] INFO  o.e.m.c.i.embedder.EclipseLogger - Using 'UTF-8' encoding to copy filtered resources.
2021-02-09 20:56:03,242 [Worker-306] INFO  o.e.m.c.i.embedder.EclipseLogger - Copying 1 resource
2021-02-09 20:56:26,972 [Worker-309] INFO  o.e.m.c.i.embedder.EclipseLogger - Using 'UTF-8' encoding to copy filtered resources.
2021-02-09 20:56:26,974 [Worker-309] INFO  o.e.m.c.i.embedder.EclipseLogger - skip non existing resourceDirectory C:\Users\shahi\eclipse-workspace\SundayVisionProject\src\main\resources
2021-02-09 20:56:26,978 [Worker-309] INFO  o.e.m.c.i.embedder.EclipseLogger - Using 'UTF-8' encoding to copy filtered resources.
2021-02-09 20:56:26,992 [Worker-309] INFO  o.e.m.c.i.embedder.EclipseLogger - Copying 1 resource
2021-02-09 21:04:03,218 [Worker-308] INFO  o.e.m.c.i.embedder.EclipseLogger - Using 'UTF-8' encoding to copy filtered resources.
2021-02-09 21:04:03,219 [Worker-308] INFO  o.e.m.c.i.embedder.EclipseLogger - skip non existing resourceDirectory C:\Users\shahi\eclipse-workspace\SundayVisionProject\src\main\resources
2021-02-09 21:04:03,221 [Worker-308] INFO  o.e.m.c.i.embedder.EclipseLogger - Using 'UTF-8' encoding to copy filtered resources.
2021-02-09 21:04:03,225 [Worker-308] INFO  o.e.m.c.i.embedder.EclipseLogger - Copying 1 resource
2021-02-09 21:05:04,449 [Worker-301] INFO  o.e.m.c.i.embedder.EclipseLogger - Using 'UTF-8' encoding to copy filtered resources.
2021-02-09 21:05:04,451 [Worker-301] INFO  o.e.m.c.i.embedder.EclipseLogger - skip non existing resourceDirectory C:\Users\shahi\eclipse-workspace\SundayVisionProject\src\main\resources
2021-02-09 21:05:04,456 [Worker-301] INFO  o.e.m.c.i.embedder.EclipseLogger - Using 'UTF-8' encoding to copy filtered resources.
2021-02-09 21:05:04,460 [Worker-301] INFO  o.e.m.c.i.embedder.EclipseLogger - Copying 1 resource
2021-02-09 21:06:56,467 [Worker-301] INFO  o.e.m.c.i.embedder.EclipseLogger - Using 'UTF-8' encoding to copy filtered resources.
2021-02-09 21:06:56,467 [Worker-301] INFO  o.e.m.c.i.embedder.EclipseLogger - skip non existing resourceDirectory C:\Users\shahi\eclipse-workspace\SundayVisionProject\src\main\resources
2021-02-09 21:06:56,472 [Worker-301] INFO  o.e.m.c.i.embedder.EclipseLogger - Using 'UTF-8' encoding to copy filtered resources.
2021-02-09 21:06:56,475 [Worker-301] INFO  o.e.m.c.i.embedder.EclipseLogger - Copying 1 resource
2021-02-09 21:07:13,343 [Worker-313] INFO  o.e.m.c.i.embedder.EclipseLogger - Using 'UTF-8' encoding to copy filtered resources.
2021-02-09 21:07:13,346 [Worker-313] INFO  o.e.m.c.i.embedder.EclipseLogger - skip non existing resourceDirectory C:\Users\shahi\eclipse-workspace\SundayVisionProject\src\main\resources
2021-02-09 21:07:13,352 [Worker-313] INFO  o.e.m.c.i.embedder.EclipseLogger - Using 'UTF-8' encoding to copy filtered resources.
2021-02-09 21:07:13,358 [Worker-313] INFO  o.e.m.c.i.embedder.EclipseLogger - Copying 1 resource
2021-02-09 21:10:13,372 [Worker-305] INFO  o.e.m.c.i.embedder.EclipseLogger - Using 'UTF-8' encoding to copy filtered resources.
2021-02-09 21:10:13,373 [Worker-305] INFO  o.e.m.c.i.embedder.EclipseLogger - skip non existing resourceDirectory C:\Users\shahi\eclipse-workspace\SundayVisionProject\src\main\resources
2021-02-09 21:10:13,379 [Worker-305] INFO  o.e.m.c.i.embedder.EclipseLogger - Using 'UTF-8' encoding to copy filtered resources.
2021-02-09 21:10:13,382 [Worker-305] INFO  o.e.m.c.i.embedder.EclipseLogger - Copying 1 resource
2021-02-09 21:10:44,623 [Worker-313] INFO  o.e.m.c.i.embedder.EclipseLogger - Using 'UTF-8' encoding to copy filtered resources.
2021-02-09 21:10:44,625 [Worker-313] INFO  o.e.m.c.i.embedder.EclipseLogger - skip non existing resourceDirectory C:\Users\shahi\eclipse-workspace\SundayVisionProject\src\main\resources
2021-02-09 21:10:44,655 [Worker-313] INFO  o.e.m.c.i.embedder.EclipseLogger - Using 'UTF-8' encoding to copy filtered resources.
2021-02-09 21:10:44,665 [Worker-313] INFO  o.e.m.c.i.embedder.EclipseLogger - Copying 1 resource
2021-02-09 21:32:03,452 [Worker-327] INFO  o.e.m.c.i.embedder.EclipseLogger - Using 'UTF-8' encoding to copy filtered resources.
2021-02-09 21:32:03,453 [Worker-327] INFO  o.e.m.c.i.embedder.EclipseLogger - skip non existing resourceDirectory C:\Users\shahi\eclipse-workspace\SundayVisionProject\src\main\resources
2021-02-09 21:32:03,455 [Worker-327] INFO  o.e.m.c.i.embedder.EclipseLogger - Using 'UTF-8' encoding to copy filtered resources.
2021-02-09 21:32:03,456 [Worker-327] INFO  o.e.m.c.i.embedder.EclipseLogger - Copying 1 resource
2021-02-10 16:10:52,377 [Worker-555] INFO  o.e.m.c.i.p.ProjectConfigurationManager - Update started
2021-02-10 16:11:01,041 [Worker-555] INFO  o.e.m.c.i.l.LifecycleMappingFactory - Using org.eclipse.m2e.jdt.JarLifecycleMapping lifecycle mapping for MavenProject: SundayVision:SundayVisionProject:0.0.1-SNAPSHOT @ C:\Users\shahi\eclipse-workspace\SundayVisionProject\pom.xml.
2021-02-10 16:11:10,161 [Worker-555] INFO  o.e.m.j.i.AbstractJavaProjectConfigurator - Adding source folder /SundayVisionProject/src/main/java
2021-02-10 16:11:10,163 [Worker-555] INFO  o.e.m.j.i.AbstractJavaProjectConfigurator - Adding source folder /SundayVisionProject/src/test/java
2021-02-10 16:11:10,164 [Worker-555] INFO  o.e.m.j.i.AbstractJavaProjectConfigurator - Adding resource folder /SundayVisionProject/src/test/resources
2021-02-10 16:11:10,879 [Worker-555] INFO  o.e.m.c.i.p.ProjectConfigurationManager - Update completed: 18 sec
2021-02-11 20:50:23,682 [Worker-19] INFO  o.e.m.c.i.embedder.EclipseLogger - Using 'UTF-8' encoding to copy filtered resources.
2021-02-11 20:50:23,687 [Worker-19] INFO  o.e.m.c.i.embedder.EclipseLogger - skip non existing resourceDirectory C:\Users\shahi\eclipse-workspace\SundayVisionProject\src\main\resources
2021-02-11 20:50:23,690 [Worker-19] INFO  o.e.m.c.i.embedder.EclipseLogger - Using 'UTF-8' encoding to copy filtered resources.
2021-02-11 20:50:23,695 [Worker-19] INFO  o.e.m.c.i.embedder.EclipseLogger - Copying 1 resource
2021-02-13 19:50:35,570 [Worker-373] INFO  o.e.m.c.i.p.ProjectConfigurationManager - Update started
2021-02-13 19:50:40,404 [Worker-373] INFO  o.e.m.c.i.l.LifecycleMappingFactory - Using org.eclipse.m2e.jdt.JarLifecycleMapping lifecycle mapping for MavenProject: SundayVision:SundayVisionProject:0.0.1-SNAPSHOT @ C:\Users\shahi\eclipse-workspace\SundayVisionProject\pom.xml.
2021-02-13 19:50:45,851 [Worker-373] INFO  o.e.m.j.i.AbstractJavaProjectConfigurator - Adding source folder /SundayVisionProject/src/main/java
2021-02-13 19:50:45,852 [Worker-373] INFO  o.e.m.j.i.AbstractJavaProjectConfigurator - Adding source folder /SundayVisionProject/src/test/java
2021-02-13 19:50:45,852 [Worker-373] INFO  o.e.m.j.i.AbstractJavaProjectConfigurator - Adding resource folder /SundayVisionProject/src/test/resources
2021-02-13 19:50:46,221 [Worker-373] INFO  o.e.m.c.i.p.ProjectConfigurationManager - Update completed: 10 sec
2021-02-13 19:50:46,831 [Worker-373] INFO  o.e.m.c.i.embedder.EclipseLogger - Using 'UTF-8' encoding to copy filtered resources.
2021-02-13 19:50:46,832 [Worker-373] INFO  o.e.m.c.i.embedder.EclipseLogger - skip non existing resourceDirectory C:\Users\shahi\eclipse-workspace\SundayVisionProject\src\main\resources
2021-02-13 19:50:46,833 [Worker-373] INFO  o.e.m.c.i.embedder.EclipseLogger - Using 'UTF-8' encoding to copy filtered resources.
2021-02-13 19:50:46,834 [Worker-373] INFO  o.e.m.c.i.embedder.EclipseLogger - Copying 1 resource
2021-02-13 19:52:10,413 [Worker-370] INFO  o.e.m.c.i.embedder.EclipseLogger - Using 'UTF-8' encoding to copy filtered resources.
2021-02-13 19:52:10,413 [Worker-370] INFO  o.e.m.c.i.embedder.EclipseLogger - skip non existing resourceDirectory C:\Users\shahi\eclipse-workspace\SundayVisionProject\src\main\resources
2021-02-13 19:52:10,415 [Worker-370] INFO  o.e.m.c.i.embedder.EclipseLogger - Using 'UTF-8' encoding to copy filtered resources.
2021-02-13 19:52:10,425 [Worker-370] INFO  o.e.m.c.i.embedder.EclipseLogger - Copying 0 resource
2021-02-13 19:52:21,507 [Worker-369] INFO  o.e.m.c.i.embedder.EclipseLogger - Using 'UTF-8' encoding to copy filtered resources.
2021-02-13 19:52:21,507 [Worker-369] INFO  o.e.m.c.i.embedder.EclipseLogger - skip non existing resourceDirectory C:\Users\shahi\eclipse-workspace\SundayVisionProject\src\main\resources
2021-02-13 19:52:21,509 [Worker-369] INFO  o.e.m.c.i.embedder.EclipseLogger - Using 'UTF-8' encoding to copy filtered resources.
2021-02-13 19:52:21,510 [Worker-369] INFO  o.e.m.c.i.embedder.EclipseLogger - Copying 0 resource
2021-02-13 19:52:49,700 [Worker-370] INFO  o.e.m.c.i.embedder.EclipseLogger - Using 'UTF-8' encoding to copy filtered resources.
2021-02-13 19:52:49,701 [Worker-370] INFO  o.e.m.c.i.embedder.EclipseLogger - skip non existing resourceDirectory C:\Users\shahi\eclipse-workspace\SundayVisionProject\src\main\resources
2021-02-13 19:52:49,703 [Worker-370] INFO  o.e.m.c.i.embedder.EclipseLogger - Using 'UTF-8' encoding to copy filtered resources.
2021-02-13 19:52:49,704 [Worker-370] INFO  o.e.m.c.i.embedder.EclipseLogger - Copying 0 resource
2021-02-13 19:52:58,489 [Worker-369] INFO  o.e.m.c.i.embedder.EclipseLogger - Using 'UTF-8' encoding to copy filtered resources.
2021-02-13 19:52:58,489 [Worker-369] INFO  o.e.m.c.i.embedder.EclipseLogger - skip non existing resourceDirectory C:\Users\shahi\eclipse-workspace\SundayVisionProject\src\main\resources
2021-02-13 19:52:58,491 [Worker-369] INFO  o.e.m.c.i.embedder.EclipseLogger - Using 'UTF-8' encoding to copy filtered resources.
2021-02-13 19:52:58,492 [Worker-369] INFO  o.e.m.c.i.embedder.EclipseLogger - Copying 0 resource
2021-02-13 20:09:50,966 [Worker-385] INFO  o.e.m.c.i.embedder.EclipseLogger - Using 'UTF-8' encoding to copy filtered resources.
2021-02-13 20:09:50,966 [Worker-385] INFO  o.e.m.c.i.embedder.EclipseLogger - skip non existing resourceDirectory C:\Users\shahi\eclipse-workspace\SundayVisionProject\src\main\resources
2021-02-13 20:09:50,968 [Worker-385] INFO  o.e.m.c.i.embedder.EclipseLogger - Using 'UTF-8' encoding to copy filtered resources.
2021-02-13 20:09:50,969 [Worker-385] INFO  o.e.m.c.i.embedder.EclipseLogger - Copying 1 resource
2021-02-13 20:10:06,697 [Worker-379] INFO  o.e.m.c.i.embedder.EclipseLogger - Using 'UTF-8' encoding to copy filtered resources.
2021-02-13 20:10:06,698 [Worker-379] INFO  o.e.m.c.i.embedder.EclipseLogger - skip non existing resourceDirectory C:\Users\shahi\eclipse-workspace\SundayVisionProject\src\main\resources
2021-02-13 20:10:06,700 [Worker-379] INFO  o.e.m.c.i.embedder.EclipseLogger - Using 'UTF-8' encoding to copy filtered resources.
2021-02-13 20:10:06,701 [Worker-379] INFO  o.e.m.c.i.embedder.EclipseLogger - Copying 0 resource
2021-02-13 20:10:29,315 [Worker-383] INFO  o.e.m.c.i.embedder.EclipseLogger - Using 'UTF-8' encoding to copy filtered resources.
2021-02-13 20:10:29,315 [Worker-383] INFO  o.e.m.c.i.embedder.EclipseLogger - skip non existing resourceDirectory C:\Users\shahi\eclipse-workspace\SundayVisionProject\src\main\resources
2021-02-13 20:10:29,319 [Worker-383] INFO  o.e.m.c.i.embedder.EclipseLogger - Using 'UTF-8' encoding to copy filtered resources.
2021-02-13 20:10:29,320 [Worker-383] INFO  o.e.m.c.i.embedder.EclipseLogger - Copying 1 resource
2021-02-13 20:18:54,345 [Worker-392] INFO  o.e.m.c.i.embedder.EclipseLogger - Using 'UTF-8' encoding to copy filtered resources.
2021-02-13 20:18:54,346 [Worker-392] INFO  o.e.m.c.i.embedder.EclipseLogger - skip non existing resourceDirectory C:\Users\shahi\eclipse-workspace\SundayVisionProject\src\main\resources
2021-02-13 20:18:54,348 [Worker-392] INFO  o.e.m.c.i.embedder.EclipseLogger - Using 'UTF-8' encoding to copy filtered resources.
2021-02-13 20:18:54,349 [Worker-392] INFO  o.e.m.c.i.embedder.EclipseLogger - Copying 2 resources
2021-02-13 20:45:47,513 [Worker-399] INFO  o.e.m.c.i.embedder.EclipseLogger - Using 'UTF-8' encoding to copy filtered resources.
2021-02-13 20:45:47,514 [Worker-399] INFO  o.e.m.c.i.embedder.EclipseLogger - skip non existing resourceDirectory C:\Users\shahi\eclipse-workspace\SundayVisionProject\src\main\resources
2021-02-13 20:45:47,519 [Worker-399] INFO  o.e.m.c.i.embedder.EclipseLogger - Using 'UTF-8' encoding to copy filtered resources.
2021-02-13 20:45:47,521 [Worker-399] INFO  o.e.m.c.i.embedder.EclipseLogger - Copying 1 resource
2021-02-13 20:50:44,667 [Worker-399] INFO  o.e.m.c.i.embedder.EclipseLogger - Using 'UTF-8' encoding to copy filtered resources.
2021-02-13 20:50:44,668 [Worker-399] INFO  o.e.m.c.i.embedder.EclipseLogger - skip non existing resourceDirectory C:\Users\shahi\eclipse-workspace\SundayVisionProject\src\main\resources
2021-02-13 20:50:44,671 [Worker-399] INFO  o.e.m.c.i.embedder.EclipseLogger - Using 'UTF-8' encoding to copy filtered resources.
2021-02-13 20:50:44,690 [Worker-399] INFO  o.e.m.c.i.embedder.EclipseLogger - Copying 2 resources
2021-02-13 21:09:11,681 [Worker-413] WARN  o.e.r.models.ModelRepository - Failed to download org.eclipse.recommenders:index::zip:0.0.0
org.eclipse.aether.resolution.ArtifactResolutionException: Could not find artifact org.eclipse.recommenders:index:zip:0.0.0-SNAPSHOT in models (http://download.eclipse.org/recommenders/models/neon/)
	at org.eclipse.aether.internal.impl.DefaultArtifactResolver.resolve(DefaultArtifactResolver.java:444) ~[na:na]
	at org.eclipse.aether.internal.impl.DefaultArtifactResolver.resolveArtifacts(DefaultArtifactResolver.java:246) ~[na:na]
	at org.eclipse.aether.internal.impl.DefaultArtifactResolver.resolveArtifact(DefaultArtifactResolver.java:223) ~[na:na]
	at org.eclipse.aether.internal.impl.DefaultRepositorySystem.resolveArtifact(DefaultRepositorySystem.java:294) ~[na:na]
	at org.eclipse.recommenders.models.ModelRepository.resolveInternal(ModelRepository.java:193) [org.eclipse.recommenders.models_2.4.6.v20170307-1041.jar:na]
	at org.eclipse.recommenders.models.ModelRepository.resolve(ModelRepository.java:172) [org.eclipse.recommenders.models_2.4.6.v20170307-1041.jar:na]
	at org.eclipse.recommenders.internal.models.rcp.EclipseModelRepository.resolve(EclipseModelRepository.java:169) [org.eclipse.recommenders.models.rcp_2.4.6.v20170307-1041.jar:na]
	at org.eclipse.recommenders.internal.models.rcp.DownloadModelArchiveJob.run(DownloadModelArchiveJob.java:76) [org.eclipse.recommenders.models.rcp_2.4.6.v20170307-1041.jar:na]
	at org.eclipse.core.internal.jobs.Worker.run(Worker.java:55) [org.eclipse.core.jobs_3.8.0.v20160509-0411.jar:na]
Caused by: org.eclipse.aether.transfer.ArtifactNotFoundException: Could not find artifact org.eclipse.recommenders:index:zip:0.0.0-SNAPSHOT in models (http://download.eclipse.org/recommenders/models/neon/)
	at org.eclipse.aether.connector.basic.ArtifactTransportListener.transferFailed(ArtifactTransportListener.java:39) ~[org.eclipse.aether.connector.basic_1.0.1.v20141111.jar:na]
	at org.eclipse.aether.connector.basic.BasicRepositoryConnector$TaskRunner.run(BasicRepositoryConnector.java:355) ~[org.eclipse.aether.connector.basic_1.0.1.v20141111.jar:na]
	at org.eclipse.aether.util.concurrency.RunnableErrorForwarder$1.run(RunnableErrorForwarder.java:67) ~[na:na]
	at org.eclipse.aether.connector.basic.BasicRepositoryConnector$DirectExecutor.execute(BasicRepositoryConnector.java:581) ~[org.eclipse.aether.connector.basic_1.0.1.v20141111.jar:na]
	at org.eclipse.aether.connector.basic.BasicRepositoryConnector.get(BasicRepositoryConnector.java:249) ~[org.eclipse.aether.connector.basic_1.0.1.v20141111.jar:na]
	at org.eclipse.aether.internal.impl.DefaultArtifactResolver.performDownloads(DefaultArtifactResolver.java:520) ~[na:na]
	at org.eclipse.aether.internal.impl.DefaultArtifactResolver.resolve(DefaultArtifactResolver.java:421) ~[na:na]
	... 8 common frames omitted
2021-02-13 21:12:41,049 [Worker-421] INFO  o.e.m.c.i.embedder.EclipseLogger - Using 'UTF-8' encoding to copy filtered resources.
2021-02-13 21:12:41,051 [Worker-421] INFO  o.e.m.c.i.embedder.EclipseLogger - skip non existing resourceDirectory C:\Users\shahi\eclipse-workspace\SundayVisionProject\src\main\resources
2021-02-13 21:12:41,056 [Worker-421] INFO  o.e.m.c.i.embedder.EclipseLogger - Using 'UTF-8' encoding to copy filtered resources.
2021-02-13 21:12:41,060 [Worker-421] INFO  o.e.m.c.i.embedder.EclipseLogger - Copying 2 resources
2021-02-13 21:12:53,756 [Worker-418] INFO  o.e.m.c.i.embedder.EclipseLogger - Using 'UTF-8' encoding to copy filtered resources.
2021-02-13 21:12:53,757 [Worker-418] INFO  o.e.m.c.i.embedder.EclipseLogger - skip non existing resourceDirectory C:\Users\shahi\eclipse-workspace\SundayVisionProject\src\main\resources
2021-02-13 21:12:53,759 [Worker-418] INFO  o.e.m.c.i.embedder.EclipseLogger - Using 'UTF-8' encoding to copy filtered resources.
2021-02-13 21:12:53,762 [Worker-418] INFO  o.e.m.c.i.embedder.EclipseLogger - Copying 2 resources
2021-02-13 21:35:09,014 [Worker-438] INFO  o.e.m.c.i.embedder.EclipseLogger - Using 'UTF-8' encoding to copy filtered resources.
2021-02-13 21:35:09,016 [Worker-438] INFO  o.e.m.c.i.embedder.EclipseLogger - skip non existing resourceDirectory C:\Users\shahi\eclipse-workspace\SundayVisionProject\src\main\resources
2021-02-13 21:35:09,019 [Worker-438] INFO  o.e.m.c.i.embedder.EclipseLogger - Using 'UTF-8' encoding to copy filtered resources.
2021-02-13 21:35:09,022 [Worker-438] INFO  o.e.m.c.i.embedder.EclipseLogger - Copying 2 resources
2021-02-13 21:45:48,451 [Worker-442] INFO  o.e.m.c.i.embedder.EclipseLogger - Using 'UTF-8' encoding to copy filtered resources.
2021-02-13 21:45:48,452 [Worker-442] INFO  o.e.m.c.i.embedder.EclipseLogger - skip non existing resourceDirectory C:\Users\shahi\eclipse-workspace\SundayVisionProject\src\main\resources
2021-02-13 21:45:48,454 [Worker-442] INFO  o.e.m.c.i.embedder.EclipseLogger - Using 'UTF-8' encoding to copy filtered resources.
2021-02-13 21:45:48,459 [Worker-442] INFO  o.e.m.c.i.embedder.EclipseLogger - Copying 2 resources
2021-02-13 22:17:56,393 [Worker-463] INFO  o.e.m.c.i.embedder.EclipseLogger - Using 'UTF-8' encoding to copy filtered resources.
2021-02-13 22:17:56,395 [Worker-463] INFO  o.e.m.c.i.embedder.EclipseLogger - skip non existing resourceDirectory C:\Users\shahi\eclipse-workspace\SundayVisionProject\src\main\resources
2021-02-13 22:17:56,400 [Worker-463] INFO  o.e.m.c.i.embedder.EclipseLogger - Using 'UTF-8' encoding to copy filtered resources.
2021-02-13 22:17:56,405 [Worker-463] INFO  o.e.m.c.i.embedder.EclipseLogger - Copying 2 resources
2021-02-13 22:37:14,688 [Worker-462] INFO  o.e.m.c.i.embedder.EclipseLogger - Using 'UTF-8' encoding to copy filtered resources.
2021-02-13 22:37:14,689 [Worker-462] INFO  o.e.m.c.i.embedder.EclipseLogger - skip non existing resourceDirectory C:\Users\shahi\eclipse-workspace\SundayVisionProject\src\main\resources
2021-02-13 22:37:14,691 [Worker-462] INFO  o.e.m.c.i.embedder.EclipseLogger - Using 'UTF-8' encoding to copy filtered resources.
2021-02-13 22:37:14,693 [Worker-462] INFO  o.e.m.c.i.embedder.EclipseLogger - Copying 2 resources
2021-02-13 22:39:37,507 [Worker-462] INFO  o.e.m.c.i.embedder.EclipseLogger - Using 'UTF-8' encoding to copy filtered resources.
2021-02-13 22:39:37,507 [Worker-462] INFO  o.e.m.c.i.embedder.EclipseLogger - skip non existing resourceDirectory C:\Users\shahi\eclipse-workspace\SundayVisionProject\src\main\resources
2021-02-13 22:39:37,510 [Worker-462] INFO  o.e.m.c.i.embedder.EclipseLogger - Using 'UTF-8' encoding to copy filtered resources.
2021-02-13 22:39:37,512 [Worker-462] INFO  o.e.m.c.i.embedder.EclipseLogger - Copying 2 resources
2021-02-13 22:40:15,896 [Worker-474] INFO  o.e.m.c.i.p.ProjectConfigurationManager - Update started
2021-02-13 22:40:16,788 [Worker-474] INFO  o.e.m.c.i.l.LifecycleMappingFactory - Using org.eclipse.m2e.jdt.JarLifecycleMapping lifecycle mapping for MavenProject: SundayVision:SundayVisionProject:0.0.1-SNAPSHOT @ C:\Users\shahi\eclipse-workspace\SundayVisionProject\pom.xml.
2021-02-13 22:40:17,589 [Worker-474] INFO  o.e.m.j.i.AbstractJavaProjectConfigurator - Adding source folder /SundayVisionProject/src/main/java
2021-02-13 22:40:17,591 [Worker-474] INFO  o.e.m.j.i.AbstractJavaProjectConfigurator - Adding source folder /SundayVisionProject/src/test/java
2021-02-13 22:40:17,591 [Worker-474] INFO  o.e.m.j.i.AbstractJavaProjectConfigurator - Adding resource folder /SundayVisionProject/src/test/resources
2021-02-13 22:40:17,863 [Worker-474] INFO  o.e.m.c.i.p.ProjectConfigurationManager - Update completed: 1 sec
2021-02-13 22:40:18,724 [Worker-473] INFO  o.e.m.c.i.embedder.EclipseLogger - Using 'UTF-8' encoding to copy filtered resources.
2021-02-13 22:40:18,724 [Worker-473] INFO  o.e.m.c.i.embedder.EclipseLogger - skip non existing resourceDirectory C:\Users\shahi\eclipse-workspace\SundayVisionProject\src\main\resources
2021-02-13 22:40:18,726 [Worker-473] INFO  o.e.m.c.i.embedder.EclipseLogger - Using 'UTF-8' encoding to copy filtered resources.
2021-02-13 22:40:18,728 [Worker-473] INFO  o.e.m.c.i.embedder.EclipseLogger - Copying 2 resources
2021-02-13 22:41:16,486 [Worker-479] INFO  o.e.m.c.i.embedder.EclipseLogger - Using 'UTF-8' encoding to copy filtered resources.
2021-02-13 22:41:16,487 [Worker-479] INFO  o.e.m.c.i.embedder.EclipseLogger - skip non existing resourceDirectory C:\Users\shahi\eclipse-workspace\SundayVisionProject\src\main\resources
2021-02-13 22:41:16,488 [Worker-479] INFO  o.e.m.c.i.embedder.EclipseLogger - Using 'UTF-8' encoding to copy filtered resources.
2021-02-13 22:41:16,490 [Worker-479] INFO  o.e.m.c.i.embedder.EclipseLogger - Copying 2 resources
2021-02-13 22:42:20,049 [Worker-483] INFO  o.e.m.c.i.p.ProjectConfigurationManager - Update started
2021-02-13 22:42:20,668 [Worker-483] INFO  o.e.m.c.i.l.LifecycleMappingFactory - Using org.eclipse.m2e.jdt.JarLifecycleMapping lifecycle mapping for MavenProject: SundayVision:SundayVisionProject:0.0.1-SNAPSHOT @ C:\Users\shahi\eclipse-workspace\SundayVisionProject\pom.xml.
2021-02-13 22:42:21,190 [Worker-483] INFO  o.e.m.j.i.AbstractJavaProjectConfigurator - Adding source folder /SundayVisionProject/src/main/java
2021-02-13 22:42:21,191 [Worker-483] INFO  o.e.m.j.i.AbstractJavaProjectConfigurator - Adding source folder /SundayVisionProject/src/test/java
2021-02-13 22:42:21,191 [Worker-483] INFO  o.e.m.j.i.AbstractJavaProjectConfigurator - Adding resource folder /SundayVisionProject/src/test/resources
2021-02-13 22:42:21,529 [Worker-483] INFO  o.e.m.c.i.p.ProjectConfigurationManager - Update completed: 1 sec
2021-02-13 22:42:22,351 [Worker-477] INFO  o.e.m.c.i.embedder.EclipseLogger - Using 'UTF-8' encoding to copy filtered resources.
2021-02-13 22:42:22,351 [Worker-477] INFO  o.e.m.c.i.embedder.EclipseLogger - skip non existing resourceDirectory C:\Users\shahi\eclipse-workspace\SundayVisionProject\src\main\resources
2021-02-13 22:42:22,353 [Worker-477] INFO  o.e.m.c.i.embedder.EclipseLogger - Using 'UTF-8' encoding to copy filtered resources.
2021-02-13 22:42:22,355 [Worker-477] INFO  o.e.m.c.i.embedder.EclipseLogger - Copying 2 resources
2021-02-13 22:45:05,653 [Worker-483] INFO  o.e.m.c.i.embedder.EclipseLogger - Using 'UTF-8' encoding to copy filtered resources.
2021-02-13 22:45:05,654 [Worker-483] INFO  o.e.m.c.i.embedder.EclipseLogger - skip non existing resourceDirectory C:\Users\shahi\eclipse-workspace\SundayVisionProject\src\main\resources
2021-02-13 22:45:05,657 [Worker-483] INFO  o.e.m.c.i.embedder.EclipseLogger - Using 'UTF-8' encoding to copy filtered resources.
2021-02-13 22:45:05,665 [Worker-483] INFO  o.e.m.c.i.embedder.EclipseLogger - Copying 2 resources
2021-02-13 22:45:33,342 [Worker-478] INFO  o.e.m.c.i.embedder.EclipseLogger - Using 'UTF-8' encoding to copy filtered resources.
2021-02-13 22:45:33,342 [Worker-478] INFO  o.e.m.c.i.embedder.EclipseLogger - skip non existing resourceDirectory C:\Users\shahi\eclipse-workspace\SundayVisionProject\src\main\resources
2021-02-13 22:45:33,345 [Worker-478] INFO  o.e.m.c.i.embedder.EclipseLogger - Using 'UTF-8' encoding to copy filtered resources.
2021-02-13 22:45:33,346 [Worker-478] INFO  o.e.m.c.i.embedder.EclipseLogger - Copying 2 resources
2021-02-13 22:45:55,449 [Worker-481] INFO  o.e.m.c.i.embedder.EclipseLogger - Using 'UTF-8' encoding to copy filtered resources.
2021-02-13 22:45:55,450 [Worker-481] INFO  o.e.m.c.i.embedder.EclipseLogger - skip non existing resourceDirectory C:\Users\shahi\eclipse-workspace\SundayVisionProject\src\main\resources
2021-02-13 22:45:55,451 [Worker-481] INFO  o.e.m.c.i.embedder.EclipseLogger - Using 'UTF-8' encoding to copy filtered resources.
2021-02-13 22:45:55,453 [Worker-481] INFO  o.e.m.c.i.embedder.EclipseLogger - Copying 2 resources
2021-02-13 22:46:07,469 [Worker-485] INFO  o.e.m.c.i.embedder.EclipseLogger - Using 'UTF-8' encoding to copy filtered resources.
2021-02-13 22:46:07,470 [Worker-485] INFO  o.e.m.c.i.embedder.EclipseLogger - skip non existing resourceDirectory C:\Users\shahi\eclipse-workspace\SundayVisionProject\src\main\resources
2021-02-13 22:46:07,472 [Worker-485] INFO  o.e.m.c.i.embedder.EclipseLogger - Using 'UTF-8' encoding to copy filtered resources.
2021-02-13 22:46:07,474 [Worker-485] INFO  o.e.m.c.i.embedder.EclipseLogger - Copying 2 resources
2021-02-13 22:46:19,395 [Worker-485] INFO  o.e.m.c.i.p.ProjectConfigurationManager - Update started
2021-02-13 22:46:20,080 [Worker-485] INFO  o.e.m.c.i.l.LifecycleMappingFactory - Using org.eclipse.m2e.jdt.JarLifecycleMapping lifecycle mapping for MavenProject: SundayVision:SundayVisionProject:0.0.1-SNAPSHOT @ C:\Users\shahi\eclipse-workspace\SundayVisionProject\pom.xml.
2021-02-13 22:46:21,123 [Worker-485] INFO  o.e.m.j.i.AbstractJavaProjectConfigurator - Adding source folder /SundayVisionProject/src/main/java
2021-02-13 22:46:21,125 [Worker-485] INFO  o.e.m.j.i.AbstractJavaProjectConfigurator - Adding source folder /SundayVisionProject/src/test/java
2021-02-13 22:46:21,126 [Worker-485] INFO  o.e.m.j.i.AbstractJavaProjectConfigurator - Adding resource folder /SundayVisionProject/src/test/resources
2021-02-13 22:46:21,438 [Worker-485] INFO  o.e.m.c.i.p.ProjectConfigurationManager - Update completed: 2 sec
2021-02-13 22:46:22,219 [Worker-474] INFO  o.e.m.c.i.embedder.EclipseLogger - Using 'UTF-8' encoding to copy filtered resources.
2021-02-13 22:46:22,219 [Worker-474] INFO  o.e.m.c.i.embedder.EclipseLogger - skip non existing resourceDirectory C:\Users\shahi\eclipse-workspace\SundayVisionProject\src\main\resources
2021-02-13 22:46:22,221 [Worker-474] INFO  o.e.m.c.i.embedder.EclipseLogger - Using 'UTF-8' encoding to copy filtered resources.
2021-02-13 22:46:22,222 [Worker-474] INFO  o.e.m.c.i.embedder.EclipseLogger - Copying 2 resources
2021-02-13 22:46:28,446 [Worker-478] INFO  o.e.m.c.i.embedder.EclipseLogger - Using 'UTF-8' encoding to copy filtered resources.
2021-02-13 22:46:28,446 [Worker-478] INFO  o.e.m.c.i.embedder.EclipseLogger - skip non existing resourceDirectory C:\Users\shahi\eclipse-workspace\SundayVisionProject\src\main\resources
2021-02-13 22:46:28,448 [Worker-478] INFO  o.e.m.c.i.embedder.EclipseLogger - Using 'UTF-8' encoding to copy filtered resources.
2021-02-13 22:46:28,450 [Worker-478] INFO  o.e.m.c.i.embedder.EclipseLogger - Copying 1 resource
2021-02-13 22:50:40,977 [Worker-462] INFO  o.e.m.c.i.embedder.EclipseLogger - Using 'UTF-8' encoding to copy filtered resources.
2021-02-13 22:50:40,978 [Worker-462] INFO  o.e.m.c.i.embedder.EclipseLogger - skip non existing resourceDirectory C:\Users\shahi\eclipse-workspace\SundayVisionProject\src\main\resources
2021-02-13 22:50:40,979 [Worker-462] INFO  o.e.m.c.i.embedder.EclipseLogger - Using 'UTF-8' encoding to copy filtered resources.
2021-02-13 22:50:40,980 [Worker-462] INFO  o.e.m.c.i.embedder.EclipseLogger - Copying 2 resources
